<?xml version="1.0" encoding="UTF-8"?>
<!-- Generated by org.testng.reporters.JUnitReportReporter -->
<testsuite hostname="INHYDLDSINGH2" failures="0" tests="1" name="mvnforjenkins.Open" time="13.110" errors="0" timestamp="2022-05-05T11:39:56 IST" skipped="0">
  <testcase classname="mvnforjenkins.Open" name="setUp" time="13.110"/>
  <system-out/>
</testsuite> <!-- mvnforjenkins.Open -->
