<?xml version="1.0" encoding="UTF-8"?>
<!-- Generated by org.testng.reporters.JUnitReportReporter -->
<testsuite hostname="INHYDLDSINGH2" failures="0" tests="1" name="mvnforjenkins.OpenBrowser" time="4.974" errors="0" timestamp="2022-04-30T21:30:18 IST" skipped="0">
  <testcase classname="mvnforjenkins.OpenBrowser" name="setUp" time="4.974"/>
  <system-out/>
</testsuite> <!-- mvnforjenkins.OpenBrowser -->
