<?xml version="1.0" encoding="UTF-8"?>
<!-- Generated by org.testng.reporters.JUnitReportReporter -->
<testsuite hostname="INHYDLDSINGH2" failures="0" tests="1" name="mvnforjenkins.OpenBrowser" time="14.712" errors="0" timestamp="2022-05-04T17:40:40 IST" skipped="0">
  <testcase classname="mvnforjenkins.OpenBrowser" name="setUp" time="14.712"/>
  <system-out/>
</testsuite> <!-- mvnforjenkins.OpenBrowser -->
